<?xml version="1.0" encoding="UTF-8"?>
<!-- Generated by org.testng.reporters.JUnitReportReporter -->
<testsuite hostname="Lenovo-PC" failures="0" tests="1" name="edu.Automationlearning.OnWebTables" time="54.061" errors="0" timestamp="2022-07-28T00:24:49 IST" skipped="0">
  <testcase classname="edu.Automationlearning.OnWebTables" name="WebTablesWorking" time="54.061"/>
  <system-out/>
</testsuite> <!-- edu.Automationlearning.OnWebTables -->
