<?xml version="1.0" encoding="UTF-8"?>
<!-- Generated by org.testng.reporters.JUnitReportReporter -->
<testsuite hostname="Lenovo-PC" failures="0" tests="1" name="edu.Automationlearning.Newmethod" time="34.856" errors="0" timestamp="2022-07-11T19:28:46 IST" skipped="0">
  <testcase classname="edu.Automationlearning.Newmethod" name="actionClass" time="34.856"/>
  <system-out/>
</testsuite> <!-- edu.Automationlearning.Newmethod -->
