<?xml version="1.0" encoding="UTF-8"?>
<!-- Generated by org.testng.reporters.JUnitReportReporter -->
<testsuite hostname="Lenovo-PC" failures="0" tests="1" name="edu.Automationlearning.SampleWindow" time="14.779" errors="0" timestamp="2022-07-11T22:22:26 IST" skipped="0">
  <testcase classname="edu.Automationlearning.SampleWindow" name="Handlewindow" time="14.779"/>
  <system-out/>
</testsuite> <!-- edu.Automationlearning.SampleWindow -->
