<?xml version="1.0" encoding="UTF-8"?>
<!-- Generated by org.testng.reporters.JUnitReportReporter -->
<testsuite hostname="Lenovo-PC" failures="0" tests="1" name="edu.Automationlearning.MyFirstPro" time="59.390" errors="0" timestamp="2022-07-07T21:57:47 IST" skipped="0">
  <testcase classname="edu.Automationlearning.MyFirstPro" name="LoginUser" time="59.390"/>
  <system-out/>
</testsuite> <!-- edu.Automationlearning.MyFirstPro -->
