<?xml version="1.0" encoding="UTF-8"?>
<!-- Generated by org.testng.reporters.JUnitReportReporter -->
<testsuite hostname="Lenovo-PC" failures="0" tests="2" name="edu.Automationlearning.demoTestNG" time="0.020" errors="0" timestamp="2022-07-27T23:52:55 IST" skipped="0">
  <testcase classname="edu.Automationlearning.demoTestNG" name="testcase2" time="0.007"/>
  <system-out/>
  <testcase classname="edu.Automationlearning.demoTestNG" name="testcase1" time="0.013"/>
  <system-out/>
</testsuite> <!-- edu.Automationlearning.demoTestNG -->
