<?xml version="1.0" encoding="UTF-8"?>
<!-- Generated by org.testng.reporters.JUnitReportReporter -->
<testsuite hostname="Lenovo-PC" failures="0" tests="1" name="edu.Automationlearning.LoginTest" time="51.200" errors="0" timestamp="2022-07-26T23:20:45 IST" skipped="0">
  <testcase classname="edu.Automationlearning.LoginTest" name="ValidUser" time="51.200"/>
  <system-out/>
</testsuite> <!-- edu.Automationlearning.LoginTest -->
