<?xml version="1.0" encoding="UTF-8"?>
<!-- Generated by org.testng.reporters.JUnitReportReporter -->
<testsuite hostname="Lenovo-PC" failures="0" tests="1" name="edu.Automationlearning.RegisterUser" time="28.116" errors="0" timestamp="2022-07-05T22:52:00 IST" skipped="0">
  <testcase classname="edu.Automationlearning.RegisterUser" name="LoginUser" time="28.116"/>
  <system-out/>
</testsuite> <!-- edu.Automationlearning.RegisterUser -->
