<?xml version="1.0" encoding="UTF-8"?>
<!-- Generated by org.testng.reporters.JUnitReportReporter -->
<testsuite hostname="Lenovo-PC" failures="0" tests="2" name="edu.Automationlearning.CourseDetails" time="70.445" errors="0" timestamp="2022-07-18T17:24:40 IST" skipped="0">
  <testcase classname="edu.Automationlearning.CourseDetails" name="onlineCourse" time="48.712"/>
  <system-out/>
  <testcase classname="edu.Automationlearning.CourseDetails" name="CourseCount" time="21.733"/>
  <system-out/>
</testsuite> <!-- edu.Automationlearning.CourseDetails -->
